<?xml version="1.0" encoding="UTF-8"?>
<coverage generated="1780293359688" clover="3.2.0">
  <project timestamp="1780293359689" name="All files">
    <metrics statements="12" coveredstatements="11" conditionals="0" coveredconditionals="0" methods="9" coveredmethods="8" elements="21" coveredelements="19" complexity="0" loc="12" ncloc="12" packages="2" files="3" classes="3"/>
    <package name="src">
      <metrics statements="6" coveredstatements="6" conditionals="0" coveredconditionals="0" methods="4" coveredmethods="4"/>
      <file name="App.jsx" path="C:\Users\El nuevo comienzo\CI-CD-TAREA\src\App.jsx">
        <metrics statements="6" coveredstatements="6" conditionals="0" coveredconditionals="0" methods="4" coveredmethods="4"/>
        <line num="5" count="2" type="stmt"/>
        <line num="7" count="2" type="stmt"/>
        <line num="12" count="2" type="stmt"/>
        <line num="13" count="1" type="stmt"/>
        <line num="16" count="2" type="stmt"/>
        <line num="21" count="4" type="stmt"/>
      </file>
    </package>
    <package name="src.components">
      <metrics statements="6" coveredstatements="5" conditionals="0" coveredconditionals="0" methods="5" coveredmethods="4"/>
      <file name="ProductCard.jsx" path="C:\Users\El nuevo comienzo\CI-CD-TAREA\src\components\ProductCard.jsx">
        <metrics statements="2" coveredstatements="2" conditionals="0" coveredconditionals="0" methods="2" coveredmethods="2"/>
        <line num="4" count="6" type="stmt"/>
        <line num="8" count="2" type="stmt"/>
      </file>
      <file name="QuantitySelector.js" path="C:\Users\El nuevo comienzo\CI-CD-TAREA\src\components\QuantitySelector.js">
        <metrics statements="4" coveredstatements="3" conditionals="0" coveredconditionals="0" methods="3" coveredmethods="2"/>
        <line num="5" count="3" type="stmt"/>
        <line num="7" count="3" type="stmt"/>
        <line num="10" count="1" type="stmt"/>
        <line num="11" count="0" type="stmt"/>
      </file>
    </package>
  </project>
</coverage>
