TN:
SF:src\App.jsx
FN:4,App
FN:12,(anonymous_1)
FN:13,(anonymous_2)
FN:20,(anonymous_3)
FNF:4
FNH:4
FNDA:2,App
FNDA:1,(anonymous_1)
FNDA:1,(anonymous_2)
FNDA:4,(anonymous_3)
DA:5,2
DA:7,2
DA:12,2
DA:13,1
DA:16,2
DA:21,4
LF:6
LH:6
BRF:0
BRH:0
end_of_record
TN:
SF:src\components\ProductCard.jsx
FN:3,ProductCard
FN:8,(anonymous_1)
FNF:2
FNH:2
FNDA:6,ProductCard
FNDA:2,(anonymous_1)
DA:4,6
DA:8,2
LF:2
LH:2
BRF:0
BRH:0
end_of_record
TN:
SF:src\components\QuantitySelector.js
FN:4,QuantitySelector
FN:10,(anonymous_1)
FN:11,(anonymous_2)
FNF:3
FNH:2
FNDA:3,QuantitySelector
FNDA:1,(anonymous_1)
FNDA:0,(anonymous_2)
DA:5,3
DA:7,3
DA:10,1
DA:11,0
LF:4
LH:3
BRF:0
BRH:0
end_of_record
